<?xml version="1.0" encoding="UTF-8"?>
<testsuite name="com.practice.efubaccount.EfubaccountApplicationTests" tests="1" skipped="0" failures="0" errors="0" timestamp="2025-04-04T11:25:26.403Z" hostname="RIN" time="0.927">
  <properties/>
  <testcase name="contextLoads()" classname="com.practice.efubaccount.EfubaccountApplicationTests" time="0.927"/>
  <system-out><![CDATA[20:25:18.712 [Test worker] INFO org.springframework.test.context.support.AnnotationConfigContextLoaderUtils -- Could not detect default configuration classes for test class [com.practice.efubaccount.EfubaccountApplicationTests]: EfubaccountApplicationTests does not declare any static, non-private, non-final, nested classes annotated with @Configuration.
20:25:18.949 [Test worker] INFO org.springframework.boot.test.context.SpringBootTestContextBootstrapper -- Found @SpringBootConfiguration com.practice.efubaccount.EfubaccountApplication for test class com.practice.efubaccount.EfubaccountApplicationTests

  .   ____          _            __ _ _
 /\\ / ___'_ __ _ _(_)_ __  __ _ \ \ \ \
( ( )\___ | '_ | '_| | '_ \/ _` | \ \ \ \
 \\/  ___)| |_)| | | | | || (_| |  ) ) ) )
  '  |____| .__|_| |_|_| |_\__, | / / / /
 =========|_|==============|___/=/_/_/_/

 :: Spring Boot ::               (v3.3.10)

2025-04-04T20:25:19.870+09:00  INFO 16340 --- [    Test worker] c.p.e.EfubaccountApplicationTests        : Starting EfubaccountApplicationTests using Java 17.0.12 with PID 16340 (started by flyri in C:\study\efub5-backend-session\efubaccount)
2025-04-04T20:25:19.879+09:00  INFO 16340 --- [    Test worker] c.p.e.EfubaccountApplicationTests        : No active profile set, falling back to 1 default profile: "default"
2025-04-04T20:25:21.344+09:00  INFO 16340 --- [    Test worker] .s.d.r.c.RepositoryConfigurationDelegate : Bootstrapping Spring Data JPA repositories in DEFAULT mode.
2025-04-04T20:25:21.457+09:00  INFO 16340 --- [    Test worker] .s.d.r.c.RepositoryConfigurationDelegate : Finished Spring Data repository scanning in 97 ms. Found 1 JPA repository interface.
2025-04-04T20:25:22.257+09:00  INFO 16340 --- [    Test worker] o.hibernate.jpa.internal.util.LogHelper  : HHH000204: Processing PersistenceUnitInfo [name: default]
2025-04-04T20:25:22.369+09:00  INFO 16340 --- [    Test worker] org.hibernate.Version                    : HHH000412: Hibernate ORM core version 6.5.3.Final
2025-04-04T20:25:22.425+09:00  INFO 16340 --- [    Test worker] o.h.c.internal.RegionFactoryInitiator    : HHH000026: Second-level cache disabled
2025-04-04T20:25:23.054+09:00  INFO 16340 --- [    Test worker] o.s.o.j.p.SpringPersistenceUnitInfo      : No LoadTimeWeaver setup: ignoring JPA class transformer
2025-04-04T20:25:23.097+09:00  INFO 16340 --- [    Test worker] com.zaxxer.hikari.HikariDataSource       : HikariPool-1 - Starting...
2025-04-04T20:25:23.348+09:00  INFO 16340 --- [    Test worker] com.zaxxer.hikari.pool.HikariPool        : HikariPool-1 - Added connection com.mysql.cj.jdbc.ConnectionImpl@52856ff9
2025-04-04T20:25:23.350+09:00  INFO 16340 --- [    Test worker] com.zaxxer.hikari.HikariDataSource       : HikariPool-1 - Start completed.
2025-04-04T20:25:24.593+09:00  INFO 16340 --- [    Test worker] o.h.e.t.j.p.i.JtaPlatformInitiator       : HHH000489: No JTA platform available (set 'hibernate.transaction.jta.platform' to enable JTA platform integration)
2025-04-04T20:25:24.680+09:00  INFO 16340 --- [    Test worker] j.LocalContainerEntityManagerFactoryBean : Initialized JPA EntityManagerFactory for persistence unit 'default'
2025-04-04T20:25:25.579+09:00  WARN 16340 --- [    Test worker] JpaBaseConfiguration$JpaWebConfiguration : spring.jpa.open-in-view is enabled by default. Therefore, database queries may be performed during view rendering. Explicitly configure spring.jpa.open-in-view to disable this warning
2025-04-04T20:25:26.382+09:00  INFO 16340 --- [    Test worker] c.p.e.EfubaccountApplicationTests        : Started EfubaccountApplicationTests in 7.069 seconds (process running for 9.309)
]]></system-out>
  <system-err><![CDATA[]]></system-err>
</testsuite>
